This is e-pTeX, Version 3.141592653-p3.9.1-210218-2.6 (utf8.euc) (TeX Live 2022/dev/Debian) (preloaded format=platex 2025.7.14)  16 JUL 2025 12:41
entering extended mode
 restricted \write18 enabled.
 file:line:error style messages enabled.
 %&-line parsing enabled.
**/home/kanapon92/Documents/5.SICE/sftemplate
(/home/kanapon92/Documents/5.SICE/sftemplate.tex
pLaTeX2e <2021-11-15> (based on LaTeX2e <2021-11-15> patch level 1)
L3 programming layer <2022-01-21> (/usr/share/texlive/texmf-dist/tex/platex/base/jarticle.cls
Document Class: jarticle 2020/09/30 v1.8f Standard pLaTeX class
\c@@paper=\count184
(/usr/share/texlive/texmf-dist/tex/platex/base/jsize10.clo
File: jsize10.clo 2020/09/30 v1.8f Standard pLaTeX file (size option)
)
\c@part=\count185
\c@section=\count186
\c@subsection=\count187
\c@subsubsection=\count188
\c@paragraph=\count189
\c@subparagraph=\count190
\c@figure=\count191
\c@table=\count192
\abovecaptionskip=\skip47
\belowcaptionskip=\skip48
\symmincho=\mathgroup4
LaTeX Font Info:    Overwriting symbol font `mincho' in version `bold'
(Font)                  JY1/mc/m/n --> JY1/gt/m/n on input line 615.
\toclineskip=\dimen154
\@lnumwidth=\dimen155
\bibindent=\dimen156
\heisei=\count193
) (./sf.sty) (/usr/share/texlive/texmf-dist/tex/latex/graphics/graphicx.sty
Package: graphicx 2021/09/16 v1.2d Enhanced LaTeX Graphics (DPC,SPQR)
 (/usr/share/texlive/texmf-dist/tex/latex/graphics/keyval.sty
Package: keyval 2014/10/28 v1.15 key=value parser (DPC)
\KV@toks@=\toks17
) (/usr/share/texlive/texmf-dist/tex/latex/graphics/graphics.sty
Package: graphics 2021/03/04 v1.4d Standard LaTeX Graphics (DPC,SPQR)
 (/usr/share/texlive/texmf-dist/tex/latex/graphics/trig.sty
Package: trig 2021/08/11 v1.11 sin cos tan (DPC)
) (/usr/share/texlive/texmf-dist/tex/latex/graphics-cfg/graphics.cfg
File: graphics.cfg 2016/06/04 v1.11 sample graphics configuration
)
Package graphics Info: Driver file: dvipdfmx.def on input line 107.
 (/usr/share/texlive/texmf-dist/tex/latex/graphics-def/dvipdfmx.def
File: dvipdfmx.def 2021/03/18 v5.0j Graphics/color driver for dvipdfmx
))
\Gin@req@height=\dimen157
\Gin@req@width=\dimen158
) (/usr/share/texlive/texmf-dist/tex/latex/amsmath/amsmath.sty
Package: amsmath 2021/10/15 v2.17l AMS math features
\@mathmargin=\skip49

For additional information on amsmath, use the `?' option.
(/usr/share/texlive/texmf-dist/tex/latex/amsmath/amstext.sty
Package: amstext 2021/08/26 v2.01 AMS text
 (/usr/share/texlive/texmf-dist/tex/latex/amsmath/amsgen.sty
File: amsgen.sty 1999/11/30 v2.0 generic functions
\@emptytoks=\toks18
\ex@=\dimen159
)) (/usr/share/texlive/texmf-dist/tex/latex/amsmath/amsbsy.sty
Package: amsbsy 1999/11/29 v1.2d Bold Symbols
\pmbraise@=\dimen160
) (/usr/share/texlive/texmf-dist/tex/latex/amsmath/amsopn.sty
Package: amsopn 2021/08/26 v2.02 operator names
)
\inf@bad=\count194
LaTeX Info: Redefining \frac on input line 234.
\uproot@=\count195
\leftroot@=\count196
LaTeX Info: Redefining \overline on input line 399.
\classnum@=\count197
\DOTSCASE@=\count198
LaTeX Info: Redefining \ldots on input line 496.
LaTeX Info: Redefining \dots on input line 499.
LaTeX Info: Redefining \cdots on input line 620.
\Mathstrutbox@=\box67
\strutbox@=\box68
\big@size=\dimen161
LaTeX Font Info:    Redeclaring font encoding OML on input line 743.
LaTeX Font Info:    Redeclaring font encoding OMS on input line 744.
\macc@depth=\count199
\c@MaxMatrixCols=\count266
\dotsspace@=\muskip16
\c@parentequation=\count267
\dspbrk@lvl=\count268
\tag@help=\toks19
\row@=\count269
\column@=\count270
\maxfields@=\count271
\andhelp@=\toks20
\eqnshift@=\dimen162
\alignsep@=\dimen163
\tagshift@=\dimen164
\tagwidth@=\dimen165
\totwidth@=\dimen166
\lineht@=\dimen167
\@envbody=\toks21
\multlinegap=\skip50
\multlinetaggap=\skip51
\mathdisplay@stack=\toks22
LaTeX Info: Redefining \[ on input line 2938.
LaTeX Info: Redefining \] on input line 2939.
) (/usr/share/texlive/texmf-dist/tex/latex/arydshln/arydshln.sty
Package: arydshln 2019/02/21 v1.76 
\dashlinedash=\dimen168
\dashlinegap=\dimen169
\adl@box=\box69
\adl@height=\dimen170
\adl@heightsave=\dimen171
\adl@depth=\dimen172
\adl@depthsave=\dimen173
\adl@finaldepth=\dimen174
\adl@columns=\count272
\adl@ncol=\count273
\adl@currentcolumn=\count274
\adl@currentcolumnsave=\count275
\adl@totalheight=\count276
\adl@totalheightsave=\count277
\adl@dash=\count278
\adl@gap=\count279
\adl@cla=\count280
\adl@clb=\count281
\adl@everyvbox=\toks23
\adl@LTpagetotal=\dimen175
) (/usr/share/texlive/texmf-dist/tex/latex/xcolor/xcolor.sty
Package: xcolor 2021/10/31 v2.13 LaTeX color extensions (UK)
 (/usr/share/texlive/texmf-dist/tex/latex/graphics-cfg/color.cfg
File: color.cfg 2016/01/02 v1.6 sample color configuration
)
Package xcolor Info: Driver file: dvips.def on input line 227.
 (/usr/share/texlive/texmf-dist/tex/latex/graphics-def/dvips.def
File: dvips.def 2017/06/20 v3.1d Graphics/color driver for dvips
)
Package xcolor Info: Model `cmy' substituted by `cmy0' on input line 1352.
Package xcolor Info: Model `RGB' extended on input line 1368.
Package xcolor Info: Model `HTML' substituted by `rgb' on input line 1370.
Package xcolor Info: Model `Hsb' substituted by `hsb' on input line 1371.
Package xcolor Info: Model `tHsb' substituted by `hsb' on input line 1372.
Package xcolor Info: Model `HSB' substituted by `hsb' on input line 1373.
Package xcolor Info: Model `Gray' substituted by `gray' on input line 1374.
Package xcolor Info: Model `wave' substituted by `hsb' on input line 1375.
) (/usr/share/texlive/texmf-dist/tex/latex/l3backend/l3backend-dvips.def
File: l3backend-dvips.def 2022-01-12 L3 backend support: dvips
\l__pdf_internal_box=\box70
\g__pdf_backend_object_int=\count282
\l__pdf_backend_content_box=\box71
\l__pdf_backend_model_box=\box72
\g__pdf_backend_annotation_int=\count283
\g__pdf_backend_link_int=\count284
\g__pdf_backend_link_sf_int=\count285
) (./sftemplate.aux)
\openout1 = `sftemplate.aux'.

LaTeX Font Info:    Checking defaults for OML/cmm/m/it on input line 31.
LaTeX Font Info:    ... okay on input line 31.
LaTeX Font Info:    Checking defaults for OMS/cmsy/m/n on input line 31.
LaTeX Font Info:    ... okay on input line 31.
LaTeX Font Info:    Checking defaults for OT1/cmr/m/n on input line 31.
LaTeX Font Info:    ... okay on input line 31.
LaTeX Font Info:    Checking defaults for T1/cmr/m/n on input line 31.
LaTeX Font Info:    ... okay on input line 31.
LaTeX Font Info:    Checking defaults for TS1/cmr/m/n on input line 31.
LaTeX Font Info:    ... okay on input line 31.
LaTeX Font Info:    Checking defaults for OMX/cmex/m/n on input line 31.
LaTeX Font Info:    ... okay on input line 31.
LaTeX Font Info:    Checking defaults for U/cmr/m/n on input line 31.
LaTeX Font Info:    ... okay on input line 31.
LaTeX Font Info:    Checking defaults for JY1/mc/m/n on input line 31.
LaTeX Font Info:    ... okay on input line 31.
LaTeX Font Info:    Checking defaults for JT1/mc/m/n on input line 31.
LaTeX Font Info:    ... okay on input line 31.
LaTeX Font Info:    Font shape `JT1/mc/bx/n' in size <10> not available
(Font)              Font shape `JT1/gt/m/n' tried instead on input line 32.
LaTeX Font Info:    Font shape `JY1/mc/bx/n' in size <10> not available
(Font)              Font shape `JY1/gt/m/n' tried instead on input line 32.
LaTeX Font Info:    Font shape `JT1/mc/bx/n' in size <14.4> not available
(Font)              Font shape `JT1/gt/m/n' tried instead on input line 33.
LaTeX Font Info:    Font shape `JY1/mc/bx/n' in size <14.4> not available
(Font)              Font shape `JY1/gt/m/n' tried instead on input line 33.
File: example.pdf Graphic file (type pdf)
<example.pdf>

Overfull \hbox (14.22638pt too wide) in paragraph at lines 60--61
 [][] 
 []

[1


]

LaTeX Warning: Citation `?' on page 2 undefined on input line 70.


LaTeX Warning: Citation `??' on page 2 undefined on input line 70.


LaTeX Warning: Reference `?' on page 2 undefined on input line 71.


LaTeX Warning: Reference `?' on page 2 undefined on input line 71.

LaTeX Font Info:    Font shape `JT1/mc/bx/n' in size <12> not available
(Font)              Font shape `JT1/gt/m/n' tried instead on input line 135.
LaTeX Font Info:    Font shape `JY1/mc/bx/n' in size <12> not available
(Font)              Font shape `JY1/gt/m/n' tried instead on input line 135.

Overfull \hbox (34.14551pt too wide) in paragraph at lines 144--147
\JY1/mc/m/n/10 のようになる ． ここで ， $\OML/cmm/m/it/10 ^^M$ \JY1/mc/m/n/10 は行列 $\OT1/cmr/bx/n/10 M$ \JY1/mc/m/n/10 の特異値であり， $\OML/cmm/m/it/10 O\OT1/cmr/m/n/10 ([](\OT1/cmr/bx/n/10 p\OT1/cmr/m/n/10 )) \OMS/cmsy/m/n/10 ^^]
 []


LaTeX Warning: Reference `QR分解' on page 2 undefined on input line 149.


LaTeX Warning: Reference `QR分解' on page 2 undefined on input line 154.

/home/kanapon92/Documents/5.SICE/sftemplate.tex:166: Undefined control sequence.
<argument> \widthof 
                    {$\mathbf {m}_n$}
l.166 ...x[\widthof{$\mathbf{m}_n$}]{$\hrulefill$}
                                                   \\
The control sequence at the end of the top line
of your error message was never \def'ed. If you have
misspelled it (e.g., `\hobx'), type `I' and the correct
spelling (e.g., `I\hbox'). Otherwise just continue,
and I'll forget about whatever was undefined.

/home/kanapon92/Documents/5.SICE/sftemplate.tex:166: Missing number, treated as zero.
<to be read again> 
                   {
l.166 ...x[\widthof{$\mathbf{m}_n$}]{$\hrulefill$}
                                                   \\
A number should have been here; I inserted `0'.
(If you can't figure out why I needed to see a number,
look up `weird error' in the index to The TeXbook.)

/home/kanapon92/Documents/5.SICE/sftemplate.tex:166: Illegal unit of measure (pt inserted).
<to be read again> 
                   {
l.166 ...x[\widthof{$\mathbf{m}_n$}]{$\hrulefill$}
                                                   \\
Dimensions can be in units of em, ex, zw, zh, in, pt, pc,
cm, mm, dd, cc, bp, H, Q, or sp; but yours is a new one!
I'll assume that you meant to say pt, for printer's points.
To recover gracefully from this error, it's best to
delete the erroneous units; e.g., type `2' to delete
two letters. (See Chapter 27 of The TeXbook.)

/home/kanapon92/Documents/5.SICE/sftemplate.tex:166: Missing } inserted.
<inserted text> 
                }
l.166 ...x[\widthof{$\mathbf{m}_n$}]{$\hrulefill$}
                                                   \\
I've inserted something that you may have forgotten.
(See the <inserted text> above.)
With luck, this will get me unwedged. But if you
really didn't forget anything, try typing `2' now; then
my insertion and my current dilemma will both disappear.

/home/kanapon92/Documents/5.SICE/sftemplate.tex:166: Missing \endgroup inserted.
<inserted text> 
                \endgroup 
l.166 ...x[\widthof{$\mathbf{m}_n$}]{$\hrulefill$}
                                                   \\
I've inserted something that you may have forgotten.
(See the <inserted text> above.)
With luck, this will get me unwedged. But if you
really didn't forget anything, try typing `2' now; then
my insertion and my current dilemma will both disappear.


/home/kanapon92/Documents/5.SICE/sftemplate.tex:166: LaTeX Error: \mathbf allowed only in math mode.

See the LaTeX manual or LaTeX Companion for explanation.
Type  H <return>  for immediate help.
 ...                                              
                                                  
l.166 ...x[\widthof{$\mathbf{m}_n$}]{$\hrulefill$}
                                                   \\
You're in trouble here.  Try typing  <return>  to proceed.
If that doesn't work, type  X <return>  to quit.

/home/kanapon92/Documents/5.SICE/sftemplate.tex:166: Missing $ inserted.
<inserted text> 
                $
l.166 ...x[\widthof{$\mathbf{m}_n$}]{$\hrulefill$}
                                                   \\
I've inserted a begin-math/end-math symbol since I think
you left one out. Proceed, with fingers crossed.

/home/kanapon92/Documents/5.SICE/sftemplate.tex:166: Missing } inserted.
<inserted text> 
                }
l.166 ...x[\widthof{$\mathbf{m}_n$}]{$\hrulefill$}
                                                   \\
I've inserted something that you may have forgotten.
(See the <inserted text> above.)
With luck, this will get me unwedged. But if you
really didn't forget anything, try typing `2' now; then
my insertion and my current dilemma will both disappear.

/home/kanapon92/Documents/5.SICE/sftemplate.tex:166: Missing \cr inserted.
<inserted text> 
                \cr 
l.166 ...x[\widthof{$\mathbf{m}_n$}]{$\hrulefill$}
                                                   \\
I'm guessing that you meant to end an alignment here.

/home/kanapon92/Documents/5.SICE/sftemplate.tex:166: Missing { inserted.
<inserted text> 
                {
l.166 ...x[\widthof{$\mathbf{m}_n$}]{$\hrulefill$}
                                                   \\
I've put in what seems to be necessary to fix
the current column of the current alignment.
Try to go on, since this might almost work.

/home/kanapon92/Documents/5.SICE/sftemplate.tex:166: Extra }, or forgotten $.
<recently read> }
                 
l.166 ...x[\widthof{$\mathbf{m}_n$}]{$\hrulefill$}
                                                   \\
I've deleted a group-closing symbol because it seems to be
spurious, as in `$x}$'. But perhaps the } is legitimate and
you forgot something else, as in `\hbox{$x}'. In such cases
the way to recover is to insert both the forgotten and the
deleted material, e.g., by typing `I$}'.

/home/kanapon92/Documents/5.SICE/sftemplate.tex:166: Incompatible list can't be unboxed.
<template> $}\adl@colhtdp \unhbox \adl@box 
                                           \hfil \hskip \arraycolsep \global...
l.166 ...x[\widthof{$\mathbf{m}_n$}]{$\hrulefill$}
                                                   \\
Sorry, Pandora. (You sneaky devil.)
I refuse to unbox an \hbox in vertical mode or vice versa.
And I can't open any boxes in math mode.

/home/kanapon92/Documents/5.SICE/sftemplate.tex:166: Missing $ inserted.
<inserted text> 
                $
l.166 ...x[\widthof{$\mathbf{m}_n$}]{$\hrulefill$}
                                                   \\
I've inserted a begin-math/end-math symbol since I think
you left one out. Proceed, with fingers crossed.

/home/kanapon92/Documents/5.SICE/sftemplate.tex:166: Missing } inserted.
<inserted text> 
                }
l.166 ...x[\widthof{$\mathbf{m}_n$}]{$\hrulefill$}
                                                   \\
I've inserted something that you may have forgotten.
(See the <inserted text> above.)
With luck, this will get me unwedged. But if you
really didn't forget anything, try typing `2' now; then
my insertion and my current dilemma will both disappear.

/home/kanapon92/Documents/5.SICE/sftemplate.tex:166: Missing } inserted.
<inserted text> 
                }
l.166 ...x[\widthof{$\mathbf{m}_n$}]{$\hrulefill$}
                                                   \\
I've inserted something that you may have forgotten.
(See the <inserted text> above.)
With luck, this will get me unwedged. But if you
really didn't forget anything, try typing `2' now; then
my insertion and my current dilemma will both disappear.

/home/kanapon92/Documents/5.SICE/sftemplate.tex:166: Missing \right. inserted.
<inserted text> 
                \right .
l.166 ...x[\widthof{$\mathbf{m}_n$}]{$\hrulefill$}
                                                   \\
I've inserted something that you may have forgotten.
(See the <inserted text> above.)
With luck, this will get me unwedged. But if you
really didn't forget anything, try typing `2' now; then
my insertion and my current dilemma will both disappear.

/home/kanapon92/Documents/5.SICE/sftemplate.tex:168: Misplaced \crcr.
\adl@endarray ->\crcr 
                      \noalign { \ifdim \adl@height =\z@ \ifdim \adl@depth =...
l.168     \end{bmatrix}
                       
I can't figure out why you would want to use a tab mark
or \cr or \span just now. If something like a right brace
up above has ended a previous alignment prematurely,
you're probably due for more error messages, and you
might try typing `S' now just to see what is salvageable.

/home/kanapon92/Documents/5.SICE/sftemplate.tex:168: Misplaced \noalign.
\adl@endarray ->\crcr \noa